20200530 17:40:01 INFO  [main] structure.PrintJobState PrintJobState.java14 - Print job status - CreatedPrintJobState
20200530 17:40:01 INFO  [main] structure.PrintJobState PrintJobState.java14 - Print job status - QueuedPrintJobState
20200530 17:40:01 INFO  [main] structure.PrintJobState PrintJobState.java14 - Print job status - PrintedPrintJobState
20200602 14:23:52 INFO  [main] structure.PrintJobState PrintJobState.java14 - Print job status - CreatedPrintJobState
20200602 14:23:52 INFO  [main] structure.PrintJobState PrintJobState.java14 - Print job status - QueuedPrintJobState
20200602 14:23:52 INFO  [main] structure.PrintJobState PrintJobState.java14 - Print job status - PrintedPrintJobState
20200606 09:13:32 INFO  [main] behaviour.MessagingSystemImpl MessagingSystemImpl.java22 - Message:null
20200606 14:42:54 INFO  [main] behaviour.MessagingSystemImpl MessagingSystemImpl.java31 - Message: This is a content!
20200606 14:46:06 INFO  [main] behaviour.MessagingSystemImpl MessagingSystemImpl.java31 - Message: This is a content!transported via EMAIL
20200606 14:46:21 INFO  [main] behaviour.MessagingSystemImpl MessagingSystemImpl.java31 - Message: This is a content! transported via EMAIL
20200606 14:54:44 INFO  [main] behaviour.MessagingSystemImpl MessagingSystemImpl.java31 - Message: This is a content! transported via EMAIL
20200606 14:57:18 INFO  [main] behaviour.MessagingSystemImpl MessagingSystemImpl.java31 - Message: This is a content! transported via SMS
20200606 14:57:18 INFO  [main] behaviour.MessagingSystemImpl MessagingSystemImpl.java31 - Message: This is a content! transported via EMAIL
20200606 16:54:30 INFO  [main] behaviour.MessagingSystemImpl MessagingSystemImpl.java31 - Message: This is a content! transported via EMAIL
20200606 17:01:07 INFO  [main] behaviour.MessagingSystemImpl MessagingSystemImpl.java31 - Message: This is a content! transported via SMS
20200606 17:01:07 INFO  [main] behaviour.MessagingSystemImpl MessagingSystemImpl.java31 - Message: This is a content! transported via EMAIL
20201030 17:40:21 INFO  [main] behaviour.MessagingSystemImpl MessagingSystemImpl.java31 - Message: This is a content! transported via SMS
20201030 17:40:23 INFO  [main] behaviour.MessagingSystemImpl MessagingSystemImpl.java31 - Message: This is a content! transported via EMAIL
20201030 17:44:20 INFO  [main] behaviour.MessagingSystemImpl MessagingSystemImpl.java31 - Message: This is a content! transported via SMS
20201030 17:44:22 INFO  [main] behaviour.MessagingSystemImpl MessagingSystemImpl.java31 - Message: This is a content! transported via EMAIL
20201030 18:24:58 INFO  [main] behaviour.MessagingSystemImpl MessagingSystemImpl.java31 - Message: This is a content! transported via SMS
20201030 18:24:58 INFO  [main] behaviour.MessagingSystemImpl MessagingSystemImpl.java31 - Message: This is a content! transported via EMAIL
20201106 14:21:22 INFO  [main] behaviour.MessagingSystemImpl MessagingSystemImpl.java31 - Message: This is a content! transported via SMS
20201106 14:21:22 INFO  [main] behaviour.MessagingSystemImpl MessagingSystemImpl.java31 - Message: This is a content! transported via EMAIL
20211106 09:42:26 INFO  [main] behaviour.MessagingSystemImpl MessagingSystemImpl.java33 - Message: This is a content! transported via SMS
20211106 09:42:26 INFO  [main] behaviour.MessagingSystemImpl MessagingSystemImpl.java33 - Message: This is a content! transported via EMAIL
20211106 10:08:00 INFO  [main] behaviour.MessagingSystemImpl MessagingSystemImpl.java33 - Message: This is a content! transported via SMS
20211106 10:08:00 INFO  [main] behaviour.MessagingSystemImpl MessagingSystemImpl.java33 - Message: This is a content! transported via EMAIL
20211113 09:33:26 INFO  [main] behaviour.MessagingSystemImpl MessagingSystemImpl.java33 - Message: This is a content! transported via SMS
20211113 09:33:26 INFO  [main] behaviour.MessagingSystemImpl MessagingSystemImpl.java33 - Message: This is a content! transported via EMAIL
20211113 10:33:30 INFO  [main] behaviour.MessagingSystemImpl MessagingSystemImpl.java34 - Message: This is a content! transported via SMS
20211113 10:33:30 INFO  [main] behaviour.MessagingSystemImpl MessagingSystemImpl.java34 - Message: This is a content! transported via EMAIL
20211127 17:47:40 INFO  [main] behaviour.MessagingSystemImpl MessagingSystemImpl.java40 - Message: This is a content!transported via EMAIL
