20211106 14:08:21 INFO  [main] behaviour.MessagingSystemImpl MessagingSystemImpl.java33 - Message: New Document                          20                          0.02                          0.4                           transported via EMAIL
20211113 09:46:26 INFO  [main] behaviour.MessagingSystemImpl MessagingSystemImpl.java33 - Message: New Document                          20                          0.02                          0.4                           transported via EMAIL
20211113 10:46:21 INFO  [main] behaviour.MessagingSystemImpl MessagingSystemImpl.java34 - Message: PrintReport1 transported via EMAIL
20211113 13:31:41 INFO  [main] behaviour.MessagingSystemImpl MessagingSystemImpl.java34 - Message: null transported via EMAIL
20211113 14:30:25 INFO  [main] behaviour.MessagingSystemImpl MessagingSystemImpl.java35 - Message: null
20
0.02
0.4
 transported via SMS
20211113 14:50:53 INFO  [main] behaviour.MessagingSystemImpl MessagingSystemImpl.java35 - Message: Name: null
Number of pages: 20
Price per pages: 0.02
Total price: 0.4
 transported via SMS
20211113 14:52:59 INFO  [main] behaviour.MessagingSystemImpl MessagingSystemImpl.java35 - Message: Name: new Document
Number of pages: 20
Price per pages: 0.02
Total price: 0.4
 transported via SMS
20211113 14:54:14 INFO  [main] behaviour.MessagingSystemImpl MessagingSystemImpl.java35 - Message: 
Name: new Document
Number of pages: 20
Price per pages: 0.02
Total price: 0.4
 transported via SMS
20211113 14:55:25 INFO  [main] behaviour.MessagingSystemImpl MessagingSystemImpl.java35 - Message: 
Name: new Document
Number of pages: 20
Price per pages: 0.02
Total price: 0.4
transported via SMS
20211113 15:09:01 INFO  [main] behaviour.MessagingSystemImpl MessagingSystemImpl.java35 - Message: 
Name: New Document
Number of pages: 20
Price per pages: 0.02
Total price: 0.4
transported via SMS
20211127 17:56:46 INFO  [main] behaviour.MessagingSystemImpl MessagingSystemImpl.java40 - Message: 
Name: New Document
Number of pages: 20
Price per pages: 0.02
Total price: 0.4
transported via EMAIL
20211127 17:58:10 INFO  [main] behaviour.MessagingSystemImpl MessagingSystemImpl.java40 - Message: 
Name: New Document
Number of pages: 20
Price per pages: 0.02
Total price: 0.4
transported via EMAIL
20211127 17:59:28 INFO  [main] behaviour.MessagingSystemImpl MessagingSystemImpl.java40 - Message: 
Name: New Document
Number of pages: 20
Price per pages: 0.02
Total price: 0.4
transported via EMAIL
20211127 18:00:46 INFO  [main] behaviour.MessagingSystemImpl MessagingSystemImpl.java40 - Message: 
Name: New Document
Number of pages: 20
Price per pages: 0.02
Total price: 0.4
transported via EMAIL
20211127 18:02:09 INFO  [main] behaviour.MessagingSystemImpl MessagingSystemImpl.java40 - Message: 
Name: New Document
Number of pages: 20
Price per pages: 0.02
Total price: 0.4
transported via EMAIL
20211127 18:02:54 INFO  [main] behaviour.MessagingSystemImpl MessagingSystemImpl.java40 - Message: 
Name: New Document
Number of pages: 20
Price per pages: 0.02
Total price: 0.4
transported via EMAIL
20211127 18:03:53 INFO  [main] behaviour.MessagingSystemImpl MessagingSystemImpl.java40 - Message: 
Name: New Document
Number of pages: 20
Price per pages: 0.02
Total price: 0.4
transported via EMAIL
